playmatch_movil/playmatch_movil_V1/app/build/intermediates/manifest_merge_blame_file/debug/processDebugMainManifest/manifest-merger-blame-debug-report.txt
1<?xml version="1.0" encoding="utf-8"?>
2<manifest xmlns:android="http://schemas.android.com/apk/res/android"
3    package="com.example.ventas"
4    android:versionCode="1"
5    android:versionName="1.0" >
6
7    <uses-sdk
8        android:minSdkVersion="24"
9        android:targetSdkVersion="35" />
10
11    <uses-permission android:name="android.permission.INTERNET" />
<<<<<<< Updated upstream
11-->src\main\AndroidManifest.xml:5:5-66
11-->src\main\AndroidManifest.xml:5:22-64
12
13    <permission
13-->[androidx.core:core:1.10.1] AndroidManifest.xml:22:5-24:47
14        android:name="com.example.ventas.DYNAMIC_RECEIVER_NOT_EXPORTED_PERMISSION"
14-->[androidx.core:core:1.10.1] AndroidManifest.xml:23:9-81
15        android:protectionLevel="signature" />
15-->[androidx.core:core:1.10.1] AndroidManifest.xml:24:9-44
16
17    <uses-permission android:name="com.example.ventas.DYNAMIC_RECEIVER_NOT_EXPORTED_PERMISSION" />
17-->[androidx.core:core:1.10.1] AndroidManifest.xml:26:5-97
17-->[androidx.core:core:1.10.1] AndroidManifest.xml:26:22-94
18
19    <application
19-->src\main\AndroidManifest.xml:7:5-58:19
20        android:allowBackup="true"
20-->src\main\AndroidManifest.xml:8:13-39
21        android:appComponentFactory="androidx.core.app.CoreComponentFactory"
21-->[androidx.core:core:1.10.1] AndroidManifest.xml:28:18-86
22        android:dataExtractionRules="@xml/data_extraction_rules"
22-->src\main\AndroidManifest.xml:9:13-69
23        android:debuggable="true"
24        android:extractNativeLibs="false"
25        android:fullBackupContent="@xml/backup_rules"
25-->src\main\AndroidManifest.xml:10:13-58
26        android:label="@string/app_name"
26-->src\main\AndroidManifest.xml:11:13-45
27        android:networkSecurityConfig="@xml/network_security_config"
27-->src\main\AndroidManifest.xml:15:13-73
28        android:supportsRtl="true"
28-->src\main\AndroidManifest.xml:12:13-39
29        android:testOnly="true"
30        android:theme="@style/Theme.Ventas"
30-->src\main\AndroidManifest.xml:13:13-48
31        android:usesCleartextTraffic="true" >
31-->src\main\AndroidManifest.xml:14:13-48
32        <activity
32-->src\main\AndroidManifest.xml:18:9-20:43
33            android:name="com.example.ventas.ui.ClientesActivity"
33-->src\main\AndroidManifest.xml:19:17-52
34            android:exported="false" />
34-->src\main\AndroidManifest.xml:20:17-41
35        <activity
35-->src\main\AndroidManifest.xml:22:9-23:44
36            android:name="com.example.ventas.MenuActivity"
36-->src\main\AndroidManifest.xml:22:19-47
37            android:exported="true" />
37-->src\main\AndroidManifest.xml:23:19-42
38        <activity
38-->src\main\AndroidManifest.xml:25:9-26:44
39            android:name="com.example.ventas.OperacionesActivity"
39-->src\main\AndroidManifest.xml:25:19-54
40            android:exported="true" />
40-->src\main\AndroidManifest.xml:26:19-42
41        <activity
41-->src\main\AndroidManifest.xml:28:9-29:44
42            android:name="com.example.ventas.JugadoresActivity"
42-->src\main\AndroidManifest.xml:28:19-52
43            android:exported="true" />
43-->src\main\AndroidManifest.xml:29:19-42
44        <activity
44-->src\main\AndroidManifest.xml:30:9-32:42
45            android:name="com.example.ventas.CrearJugadorActivity"
45-->src\main\AndroidManifest.xml:31:17-53
46            android:exported="true" />
46-->src\main\AndroidManifest.xml:32:17-40
47        <activity
47-->src\main\AndroidManifest.xml:34:9-36:42
48            android:name="com.example.ventas.CrearUsuarioActivity"
48-->src\main\AndroidManifest.xml:35:17-53
49            android:exported="true" />
49-->src\main\AndroidManifest.xml:36:17-40
50        <activity android:name="com.example.ventas.UsuarioActivity" />
50-->src\main\AndroidManifest.xml:38:9-52
50-->src\main\AndroidManifest.xml:38:19-50
51        <activity
51-->src\main\AndroidManifest.xml:40:9-48:20
52            android:name="com.example.ventas.loginActivity.LoginActivity2"
52-->src\main\AndroidManifest.xml:41:17-61
53            android:exported="true" >
53-->src\main\AndroidManifest.xml:42:17-40
54            <intent-filter>
54-->src\main\AndroidManifest.xml:43:13-47:29
55                <action android:name="android.intent.action.MAIN" />
55-->src\main\AndroidManifest.xml:44:17-68
55-->src\main\AndroidManifest.xml:44:25-66
56
57                <category android:name="android.intent.category.LAUNCHER" />
57-->src\main\AndroidManifest.xml:46:17-76
57-->src\main\AndroidManifest.xml:46:27-74
58            </intent-filter>
59        </activity>
60        <activity android:name="com.example.ventas.ui.EquipoActivity" />
60-->src\main\AndroidManifest.xml:50:9-54
60-->src\main\AndroidManifest.xml:50:19-52
61        <activity android:name="com.example.ventas.ui.ListaEquiposActivity" />
61-->src\main\AndroidManifest.xml:51:9-60
61-->src\main\AndroidManifest.xml:51:19-58
62        <activity android:name="com.example.ventas.ui.EditarEquipoActivity" />
62-->src\main\AndroidManifest.xml:52:9-60
62-->src\main\AndroidManifest.xml:52:19-58
63        <activity
63-->src\main\AndroidManifest.xml:53:9-55:43
64            android:name="com.example.ventas.MainActivity"
64-->src\main\AndroidManifest.xml:54:17-45
65            android:exported="false" />
65-->src\main\AndroidManifest.xml:55:17-41
66
67        <provider
67-->[androidx.emoji2:emoji2:1.2.0] AndroidManifest.xml:24:9-32:20
68            android:name="androidx.startup.InitializationProvider"
68-->[androidx.emoji2:emoji2:1.2.0] AndroidManifest.xml:25:13-67
69            android:authorities="com.example.ventas.androidx-startup"
69-->[androidx.emoji2:emoji2:1.2.0] AndroidManifest.xml:26:13-68
70            android:exported="false" >
70-->[androidx.emoji2:emoji2:1.2.0] AndroidManifest.xml:27:13-37
71            <meta-data
71-->[androidx.emoji2:emoji2:1.2.0] AndroidManifest.xml:29:13-31:52
72                android:name="androidx.emoji2.text.EmojiCompatInitializer"
72-->[androidx.emoji2:emoji2:1.2.0] AndroidManifest.xml:30:17-75
73                android:value="androidx.startup" />
73-->[androidx.emoji2:emoji2:1.2.0] AndroidManifest.xml:31:17-49
74            <meta-data
74-->[androidx.lifecycle:lifecycle-process:2.6.1] AndroidManifest.xml:29:13-31:52
75                android:name="androidx.lifecycle.ProcessLifecycleInitializer"
75-->[androidx.lifecycle:lifecycle-process:2.6.1] AndroidManifest.xml:30:17-78
76                android:value="androidx.startup" />
76-->[androidx.lifecycle:lifecycle-process:2.6.1] AndroidManifest.xml:31:17-49
77            <meta-data
77-->[androidx.profileinstaller:profileinstaller:1.3.0] AndroidManifest.xml:29:13-31:52
78                android:name="androidx.profileinstaller.ProfileInstallerInitializer"
78-->[androidx.profileinstaller:profileinstaller:1.3.0] AndroidManifest.xml:30:17-85
79                android:value="androidx.startup" />
79-->[androidx.profileinstaller:profileinstaller:1.3.0] AndroidManifest.xml:31:17-49
80        </provider>
81
82        <receiver
82-->[androidx.profileinstaller:profileinstaller:1.3.0] AndroidManifest.xml:34:9-52:20
83            android:name="androidx.profileinstaller.ProfileInstallReceiver"
83-->[androidx.profileinstaller:profileinstaller:1.3.0] AndroidManifest.xml:35:13-76
84            android:directBootAware="false"
84-->[androidx.profileinstaller:profileinstaller:1.3.0] AndroidManifest.xml:36:13-44
85            android:enabled="true"
85-->[androidx.profileinstaller:profileinstaller:1.3.0] AndroidManifest.xml:37:13-35
86            android:exported="true"
86-->[androidx.profileinstaller:profileinstaller:1.3.0] AndroidManifest.xml:38:13-36
87            android:permission="android.permission.DUMP" >
87-->[androidx.profileinstaller:profileinstaller:1.3.0] AndroidManifest.xml:39:13-57
88            <intent-filter>
88-->[androidx.profileinstaller:profileinstaller:1.3.0] AndroidManifest.xml:40:13-42:29
89                <action android:name="androidx.profileinstaller.action.INSTALL_PROFILE" />
89-->[androidx.profileinstaller:profileinstaller:1.3.0] AndroidManifest.xml:41:17-91
89-->[androidx.profileinstaller:profileinstaller:1.3.0] AndroidManifest.xml:41:25-88
90            </intent-filter>
91            <intent-filter>
91-->[androidx.profileinstaller:profileinstaller:1.3.0] AndroidManifest.xml:43:13-45:29
92                <action android:name="androidx.profileinstaller.action.SKIP_FILE" />
92-->[androidx.profileinstaller:profileinstaller:1.3.0] AndroidManifest.xml:44:17-85
92-->[androidx.profileinstaller:profileinstaller:1.3.0] AndroidManifest.xml:44:25-82
93            </intent-filter>
94            <intent-filter>
94-->[androidx.profileinstaller:profileinstaller:1.3.0] AndroidManifest.xml:46:13-48:29
95                <action android:name="androidx.profileinstaller.action.SAVE_PROFILE" />
95-->[androidx.profileinstaller:profileinstaller:1.3.0] AndroidManifest.xml:47:17-88
95-->[androidx.profileinstaller:profileinstaller:1.3.0] AndroidManifest.xml:47:25-85
96            </intent-filter>
97            <intent-filter>
97-->[androidx.profileinstaller:profileinstaller:1.3.0] AndroidManifest.xml:49:13-51:29
98                <action android:name="androidx.profileinstaller.action.BENCHMARK_OPERATION" />
98-->[androidx.profileinstaller:profileinstaller:1.3.0] AndroidManifest.xml:50:17-95
98-->[androidx.profileinstaller:profileinstaller:1.3.0] AndroidManifest.xml:50:25-92
99            </intent-filter>
100        </receiver>
101    </application>
102
103</manifest>
=======
11-->src\main\AndroidManifest.xml:5:5-66
11-->src\main\AndroidManifest.xml:5:22-64
12
13    <permission
13-->[androidx.core:core:1.10.1] AndroidManifest.xml:22:5-24:47
14        android:name="com.example.ventas.DYNAMIC_RECEIVER_NOT_EXPORTED_PERMISSION"
14-->[androidx.core:core:1.10.1] AndroidManifest.xml:23:9-81
15        android:protectionLevel="signature" />
15-->[androidx.core:core:1.10.1] AndroidManifest.xml:24:9-44
16
17    <uses-permission android:name="com.example.ventas.DYNAMIC_RECEIVER_NOT_EXPORTED_PERMISSION" />
17-->[androidx.core:core:1.10.1] AndroidManifest.xml:26:5-97
17-->[androidx.core:core:1.10.1] AndroidManifest.xml:26:22-94
18
19    <application
19-->src\main\AndroidManifest.xml:7:5-56:19
20        android:allowBackup="true"
20-->src\main\AndroidManifest.xml:8:13-39
21        android:appComponentFactory="androidx.core.app.CoreComponentFactory"
21-->[androidx.core:core:1.10.1] AndroidManifest.xml:28:18-86
22        android:dataExtractionRules="@xml/data_extraction_rules"
22-->src\main\AndroidManifest.xml:9:13-69
23        android:debuggable="true"
24        android:extractNativeLibs="false"
25        android:fullBackupContent="@xml/backup_rules"
25-->src\main\AndroidManifest.xml:10:13-58
26        android:label="@string/app_name"
26-->src\main\AndroidManifest.xml:11:13-45
27        android:networkSecurityConfig="@xml/network_security_config"
27-->src\main\AndroidManifest.xml:15:13-73
28        android:supportsRtl="true"
28-->src\main\AndroidManifest.xml:12:13-39
29        android:testOnly="true"
30        android:theme="@style/Theme.Ventas"
30-->src\main\AndroidManifest.xml:13:13-48
31        android:usesCleartextTraffic="true" >
31-->src\main\AndroidManifest.xml:14:13-48
32        <activity
32-->src\main\AndroidManifest.xml:18:9-20:43
33            android:name="com.example.ventas.ui.ClientesActivity"
33-->src\main\AndroidManifest.xml:19:17-52
34            android:exported="false" />
34-->src\main\AndroidManifest.xml:20:17-41
35        <activity
35-->src\main\AndroidManifest.xml:22:9-23:44
36            android:name="com.example.ventas.MenuActivity"
36-->src\main\AndroidManifest.xml:22:19-47
37            android:exported="true" />
37-->src\main\AndroidManifest.xml:23:19-42
38        <activity
38-->src\main\AndroidManifest.xml:25:9-26:44
39            android:name="com.example.ventas.OperacionesActivity"
39-->src\main\AndroidManifest.xml:25:19-54
40            android:exported="true" />
40-->src\main\AndroidManifest.xml:26:19-42
41        <activity
41-->src\main\AndroidManifest.xml:28:9-29:44
42            android:name="com.example.ventas.JugadoresActivity"
42-->src\main\AndroidManifest.xml:28:19-52
43            android:exported="true" />
43-->src\main\AndroidManifest.xml:29:19-42
44        <activity
44-->src\main\AndroidManifest.xml:30:9-32:42
45            android:name="com.example.ventas.CrearJugadorActivity"
45-->src\main\AndroidManifest.xml:31:17-53
46            android:exported="true" />
46-->src\main\AndroidManifest.xml:32:17-40
47        <activity
47-->src\main\AndroidManifest.xml:34:9-36:42
48            android:name="com.example.ventas.CrearUsuarioActivity"
48-->src\main\AndroidManifest.xml:35:17-53
49            android:exported="true" />
49-->src\main\AndroidManifest.xml:36:17-40
50        <activity android:name="com.example.ventas.UsuarioActivity" />
50-->src\main\AndroidManifest.xml:38:9-52
50-->src\main\AndroidManifest.xml:38:19-50
51        <activity
51-->src\main\AndroidManifest.xml:40:9-48:20
52            android:name="com.example.ventas.loginActivity.LoginActivity2"
52-->src\main\AndroidManifest.xml:41:17-61
53            android:exported="true" >
53-->src\main\AndroidManifest.xml:42:17-40
54            <intent-filter>
54-->src\main\AndroidManifest.xml:43:13-47:29
55                <action android:name="android.intent.action.MAIN" />
55-->src\main\AndroidManifest.xml:44:17-68
55-->src\main\AndroidManifest.xml:44:25-66
56
57                <category android:name="android.intent.category.LAUNCHER" />
57-->src\main\AndroidManifest.xml:46:17-76
57-->src\main\AndroidManifest.xml:46:27-74
58            </intent-filter>
59        </activity>
60        <activity android:name="com.example.ventas.ui.EquipoActivity" />
60-->src\main\AndroidManifest.xml:50:9-54
60-->src\main\AndroidManifest.xml:50:19-52
61        <activity
61-->src\main\AndroidManifest.xml:51:9-53:43
62            android:name="com.example.ventas.MainActivity"
62-->src\main\AndroidManifest.xml:52:17-45
63            android:exported="false" />
63-->src\main\AndroidManifest.xml:53:17-41
64
65        <provider
65-->[androidx.emoji2:emoji2:1.2.0] AndroidManifest.xml:24:9-32:20
66            android:name="androidx.startup.InitializationProvider"
66-->[androidx.emoji2:emoji2:1.2.0] AndroidManifest.xml:25:13-67
67            android:authorities="com.example.ventas.androidx-startup"
67-->[androidx.emoji2:emoji2:1.2.0] AndroidManifest.xml:26:13-68
68            android:exported="false" >
68-->[androidx.emoji2:emoji2:1.2.0] AndroidManifest.xml:27:13-37
69            <meta-data
69-->[androidx.emoji2:emoji2:1.2.0] AndroidManifest.xml:29:13-31:52
70                android:name="androidx.emoji2.text.EmojiCompatInitializer"
70-->[androidx.emoji2:emoji2:1.2.0] AndroidManifest.xml:30:17-75
71                android:value="androidx.startup" />
71-->[androidx.emoji2:emoji2:1.2.0] AndroidManifest.xml:31:17-49
72            <meta-data
72-->[androidx.lifecycle:lifecycle-process:2.6.1] AndroidManifest.xml:29:13-31:52
73                android:name="androidx.lifecycle.ProcessLifecycleInitializer"
73-->[androidx.lifecycle:lifecycle-process:2.6.1] AndroidManifest.xml:30:17-78
74                android:value="androidx.startup" />
74-->[androidx.lifecycle:lifecycle-process:2.6.1] AndroidManifest.xml:31:17-49
75            <meta-data
75-->[androidx.profileinstaller:profileinstaller:1.3.0] AndroidManifest.xml:29:13-31:52
76                android:name="androidx.profileinstaller.ProfileInstallerInitializer"
76-->[androidx.profileinstaller:profileinstaller:1.3.0] AndroidManifest.xml:30:17-85
77                android:value="androidx.startup" />
77-->[androidx.profileinstaller:profileinstaller:1.3.0] AndroidManifest.xml:31:17-49
78        </provider>
79
80        <receiver
80-->[androidx.profileinstaller:profileinstaller:1.3.0] AndroidManifest.xml:34:9-52:20
81            android:name="androidx.profileinstaller.ProfileInstallReceiver"
81-->[androidx.profileinstaller:profileinstaller:1.3.0] AndroidManifest.xml:35:13-76
82            android:directBootAware="false"
82-->[androidx.profileinstaller:profileinstaller:1.3.0] AndroidManifest.xml:36:13-44
83            android:enabled="true"
83-->[androidx.profileinstaller:profileinstaller:1.3.0] AndroidManifest.xml:37:13-35
84            android:exported="true"
84-->[androidx.profileinstaller:profileinstaller:1.3.0] AndroidManifest.xml:38:13-36
85            android:permission="android.permission.DUMP" >
85-->[androidx.profileinstaller:profileinstaller:1.3.0] AndroidManifest.xml:39:13-57
86            <intent-filter>
86-->[androidx.profileinstaller:profileinstaller:1.3.0] AndroidManifest.xml:40:13-42:29
87                <action android:name="androidx.profileinstaller.action.INSTALL_PROFILE" />
87-->[androidx.profileinstaller:profileinstaller:1.3.0] AndroidManifest.xml:41:17-91
87-->[androidx.profileinstaller:profileinstaller:1.3.0] AndroidManifest.xml:41:25-88
88            </intent-filter>
89            <intent-filter>
89-->[androidx.profileinstaller:profileinstaller:1.3.0] AndroidManifest.xml:43:13-45:29
90                <action android:name="androidx.profileinstaller.action.SKIP_FILE" />
90-->[androidx.profileinstaller:profileinstaller:1.3.0] AndroidManifest.xml:44:17-85
90-->[androidx.profileinstaller:profileinstaller:1.3.0] AndroidManifest.xml:44:25-82
91            </intent-filter>
92            <intent-filter>
92-->[androidx.profileinstaller:profileinstaller:1.3.0] AndroidManifest.xml:46:13-48:29
93                <action android:name="androidx.profileinstaller.action.SAVE_PROFILE" />
93-->[androidx.profileinstaller:profileinstaller:1.3.0] AndroidManifest.xml:47:17-88
93-->[androidx.profileinstaller:profileinstaller:1.3.0] AndroidManifest.xml:47:25-85
94            </intent-filter>
95            <intent-filter>
95-->[androidx.profileinstaller:profileinstaller:1.3.0] AndroidManifest.xml:49:13-51:29
96                <action android:name="androidx.profileinstaller.action.BENCHMARK_OPERATION" />
96-->[androidx.profileinstaller:profileinstaller:1.3.0] AndroidManifest.xml:50:17-95
96-->[androidx.profileinstaller:profileinstaller:1.3.0] AndroidManifest.xml:50:25-92
97            </intent-filter>
98        </receiver>
99    </application>
100
101</manifest>
>>>>>>> Stashed changes